<?xml version="1.0" encoding="UTF-8"?>
<testsuite xmlns:xsi="http://www.w3.org/2001/XMLSchema-instance" xsi:noNamespaceSchemaLocation="https://maven.apache.org/surefire/maven-surefire-plugin/xsd/surefire-test-report-3.0.xsd" version="3.0" name="com.example.agifyapp.service.AgifyServiceIntegrationTest" time="0.645" tests="3" errors="0" skipped="0" failures="0">
  <properties>
[...]
</properties>
  <testcase name="testGetAgeByName_EmptyName" classname="com.example.agifyapp.service.AgifyServiceIntegrationTest" time="0.294">
    <system-out><![CDATA[2025-09-30T23:29:59.201-04:00  INFO 52348 --- [Agify Age Estimator] [           main] t.c.s.AnnotationConfigContextLoaderUtils : Could not detect default configuration classes for test class [com.example.agifyapp.service.AgifyServiceIntegrationTest]: AgifyServiceIntegrationTest does not declare any static, non-private, non-final, nested classes annotated with @Configuration.
2025-09-30T23:29:59.207-04:00  INFO 52348 --- [Agify Age Estimator] [           main] .b.t.c.SpringBootTestContextBootstrapper : Found @SpringBootConfiguration com.example.agifyapp.AgifyAppApplication for test class com.example.agifyapp.service.AgifyServiceIntegrationTest

  .   ____          _            __ _ _
 /\\ / ___'_ __ _ _(_)_ __  __ _ \ \ \ \
( ( )\___ | '_ | '_| | '_ \/ _` | \ \ \ \
 \\/  ___)| |_)| | | | | || (_| |  ) ) ) )
  '  |____| .__|_| |_|_| |_\__, | / / / /
 =========|_|==============|___/=/_/_/_/
 :: Spring Boot ::                (v3.2.0)

2025-09-30T23:29:59.229-04:00  INFO 52348 --- [Agify Age Estimator] [           main] c.e.a.s.AgifyServiceIntegrationTest      : Starting AgifyServiceIntegrationTest using Java 17.0.9 with PID 52348 (started by baileyvanwormer in /Users/baileyvanwormer/SpringBootTest)
2025-09-30T23:29:59.229-04:00 DEBUG 52348 --- [Agify Age Estimator] [           main] c.e.a.s.AgifyServiceIntegrationTest      : Running with Spring Boot v3.2.0, Spring v6.1.1
2025-09-30T23:29:59.229-04:00  INFO 52348 --- [Agify Age Estimator] [           main] c.e.a.s.AgifyServiceIntegrationTest      : No active profile set, falling back to 1 default profile: "default"
2025-09-30T23:29:59.362-04:00  INFO 52348 --- [Agify Age Estimator] [           main] o.s.b.w.embedded.tomcat.TomcatWebServer  : Tomcat initialized with port 0 (http)
2025-09-30T23:29:59.366-04:00  INFO 52348 --- [Agify Age Estimator] [           main] o.apache.catalina.core.StandardService   : Starting service [Tomcat]
2025-09-30T23:29:59.367-04:00  INFO 52348 --- [Agify Age Estimator] [           main] o.apache.catalina.core.StandardEngine    : Starting Servlet engine: [Apache Tomcat/10.1.16]
2025-09-30T23:29:59.386-04:00  INFO 52348 --- [Agify Age Estimator] [           main] o.a.c.c.C.[Tomcat].[localhost].[/]       : Initializing Spring embedded WebApplicationContext
2025-09-30T23:29:59.386-04:00  INFO 52348 --- [Agify Age Estimator] [           main] w.s.c.ServletWebServerApplicationContext : Root WebApplicationContext: initialization completed in 156 ms
2025-09-30T23:29:59.414-04:00  INFO 52348 --- [Agify Age Estimator] [           main] o.s.b.a.w.s.WelcomePageHandlerMapping    : Adding welcome page template: index
2025-09-30T23:29:59.420-04:00 DEBUG 52348 --- [Agify Age Estimator] [           main] s.w.s.m.m.a.RequestMappingHandlerMapping : 5 mappings in 'requestMappingHandlerMapping'
2025-09-30T23:29:59.434-04:00 DEBUG 52348 --- [Agify Age Estimator] [           main] o.s.w.s.handler.SimpleUrlHandlerMapping  : Patterns [/webjars/**, /**] in 'resourceHandlerMapping'
2025-09-30T23:29:59.436-04:00 DEBUG 52348 --- [Agify Age Estimator] [           main] s.w.s.m.m.a.RequestMappingHandlerAdapter : ControllerAdvice beans: 0 @ModelAttribute, 0 @InitBinder, 1 RequestBodyAdvice, 1 ResponseBodyAdvice
2025-09-30T23:29:59.437-04:00 DEBUG 52348 --- [Agify Age Estimator] [           main] .m.m.a.ExceptionHandlerExceptionResolver : ControllerAdvice beans: 0 @ExceptionHandler, 1 ResponseBodyAdvice
2025-09-30T23:29:59.468-04:00  INFO 52348 --- [Agify Age Estimator] [           main] o.s.b.w.embedded.tomcat.TomcatWebServer  : Tomcat started on port 57166 (http) with context path ''
2025-09-30T23:29:59.471-04:00  INFO 52348 --- [Agify Age Estimator] [           main] c.e.a.s.AgifyServiceIntegrationTest      : Started AgifyServiceIntegrationTest in 0.26 seconds (process running for 1.751)
2025-09-30T23:29:59.521-04:00 DEBUG 52348 --- [Agify Age Estimator] [           main] o.s.web.client.RestTemplate              : HTTP GET https://api.agify.io?name=
2025-09-30T23:29:59.547-04:00 DEBUG 52348 --- [Agify Age Estimator] [           main] o.s.web.client.RestTemplate              : Accept=[application/json, application/*+json]
2025-09-30T23:29:59.754-04:00 DEBUG 52348 --- [Agify Age Estimator] [           main] o.s.web.client.RestTemplate              : Response 200 OK
2025-09-30T23:29:59.754-04:00 DEBUG 52348 --- [Agify Age Estimator] [           main] o.s.web.client.RestTemplate              : Reading to [com.example.agifyapp.model.AgifyResponse]
]]></system-out>
  </testcase>
  <testcase name="testGetAgeByNameAndCountry_ValidNameAndCountry" classname="com.example.agifyapp.service.AgifyServiceIntegrationTest" time="0.039">
    <system-out><![CDATA[2025-09-30T23:29:59.767-04:00 DEBUG 52348 --- [Agify Age Estimator] [           main] o.s.web.client.RestTemplate              : HTTP GET https://api.agify.io?name=Sarah&country_id=US
2025-09-30T23:29:59.767-04:00 DEBUG 52348 --- [Agify Age Estimator] [           main] o.s.web.client.RestTemplate              : Accept=[application/json, application/*+json]
2025-09-30T23:29:59.804-04:00 DEBUG 52348 --- [Agify Age Estimator] [           main] o.s.web.client.RestTemplate              : Response 200 OK
2025-09-30T23:29:59.804-04:00 DEBUG 52348 --- [Agify Age Estimator] [           main] o.s.web.client.RestTemplate              : Reading to [com.example.agifyapp.model.AgifyResponse]
]]></system-out>
  </testcase>
  <testcase name="testGetAgeByName_ValidName" classname="com.example.agifyapp.service.AgifyServiceIntegrationTest" time="0.037">
    <system-out><![CDATA[2025-09-30T23:29:59.806-04:00 DEBUG 52348 --- [Agify Age Estimator] [           main] o.s.web.client.RestTemplate              : HTTP GET https://api.agify.io?name=John
2025-09-30T23:29:59.806-04:00 DEBUG 52348 --- [Agify Age Estimator] [           main] o.s.web.client.RestTemplate              : Accept=[application/json, application/*+json]
2025-09-30T23:29:59.842-04:00 DEBUG 52348 --- [Agify Age Estimator] [           main] o.s.web.client.RestTemplate              : Response 200 OK
2025-09-30T23:29:59.842-04:00 DEBUG 52348 --- [Agify Age Estimator] [           main] o.s.web.client.RestTemplate              : Reading to [com.example.agifyapp.model.AgifyResponse]
]]></system-out>
  </testcase>
</testsuite>